<?xml version="1.0" encoding="UTF-8"?>
<!-- Generated by org.testng.reporters.JUnitReportReporter -->
<testsuite hostname="Lenovo-PC" name="com.project.CucumberMaven.RunnerClassTestNG" tests="3" failures="0" timestamp="20 May 2017 15:17:06 GMT" time="68.859" errors="0">
  <testcase name="feature" time="21.522" classname="com.project.CucumberMaven.RunnerClassTestNG"/>
  <testcase name="feature" time="47.335" classname="com.project.CucumberMaven.RunnerClassTestNG"/>
  <testcase name="f" time="0.002" classname="com.project.CucumberMaven.RunnerClassTestNG"/>
</testsuite> <!-- com.project.CucumberMaven.RunnerClassTestNG -->
