<?xml version="1.0" encoding="UTF-8"?>
<!-- Generated by org.testng.reporters.JUnitReportReporter -->
<testsuite hostname="Lenovo-PC" name="com.project.CucumberMaven.RunCukesByCompositionTest" tests="1" failures="0" timestamp="20 May 2017 17:11:02 GMT" time="72.904" errors="0">
  <testcase name="runCukes" time="72.904" classname="com.project.CucumberMaven.RunCukesByCompositionTest"/>
</testsuite> <!-- com.project.CucumberMaven.RunCukesByCompositionTest -->
