<?xml version="1.0" encoding="UTF-8"?>
<!-- Generated by org.testng.reporters.JUnitReportReporter -->
<testsuite hostname="Lenovo-PC" name="com.project.CucumberMaven.RunCukesByFeatureAndCompositionTest2" tests="1" failures="0" timestamp="20 May 2017 20:04:56 GMT" time="31.060" errors="0">
  <testcase name="feature" time="31.060" classname="com.project.CucumberMaven.RunCukesByFeatureAndCompositionTest2"/>
</testsuite> <!-- com.project.CucumberMaven.RunCukesByFeatureAndCompositionTest2 -->
