<?xml version="1.0" encoding="UTF-8"?>
<!-- Generated by org.testng.reporters.JUnitReportReporter -->
<testsuite hostname="Lenovo-PC" name="com.project.CucumberMaven.RunCukesByFeatureAndCompositionTest1" tests="1" failures="0" timestamp="20 May 2017 20:04:56 GMT" time="74.185" errors="0">
  <testcase name="feature" time="74.185" classname="com.project.CucumberMaven.RunCukesByFeatureAndCompositionTest1"/>
</testsuite> <!-- com.project.CucumberMaven.RunCukesByFeatureAndCompositionTest1 -->
